\BOOKMARK [1][-]{section.1}{Trigonometric Concepts}{}% 1
\BOOKMARK [2][-]{subsection.1.1}{Unit Circle}{section.1}% 2
\BOOKMARK [2][-]{subsection.1.2}{Basic Trigonometry}{section.1}% 3
\BOOKMARK [2][-]{subsection.1.3}{Pythagorean Theorem Identities}{section.1}% 4
\BOOKMARK [2][-]{subsection.1.4}{Half Angle Identities}{section.1}% 5
\BOOKMARK [2][-]{subsection.1.5}{Double Angle Identities}{section.1}% 6
\BOOKMARK [2][-]{subsection.1.6}{Power Reduction Identities}{section.1}% 7
\BOOKMARK [1][-]{section.2}{Trigonometric Substitution}{}% 8
\BOOKMARK [1][-]{section.3}{Table of Basic Derivatives}{}% 9
\BOOKMARK [1][-]{section.4}{Table of Basic Integrals}{}% 10
\BOOKMARK [1][-]{section.5}{Substitution Techniques}{}% 11
\BOOKMARK [2][-]{subsection.5.1}{U Substitution}{section.5}% 12
\BOOKMARK [2][-]{subsection.5.2}{Integration by Parts}{section.5}% 13
\BOOKMARK [1][-]{section.6}{Engineering Formulas}{}% 14
\BOOKMARK [2][-]{subsection.6.1}{Spring Formulas}{section.6}% 15
\BOOKMARK [2][-]{subsection.6.2}{Fluid Formulas}{section.6}% 16
\BOOKMARK [1][-]{section.7}{Method of Partial Fractions}{}% 17
\BOOKMARK [2][-]{subsection.7.1}{Decomposition Types}{section.7}% 18
\BOOKMARK [2][-]{subsection.7.2}{Numerical Integration}{section.7}% 19
\BOOKMARK [3][-]{subsubsection.7.2.1}{Midpoint Rule}{subsection.7.2}% 20
\BOOKMARK [3][-]{subsubsection.7.2.2}{Trapezoidal Rule}{subsection.7.2}% 21
\BOOKMARK [3][-]{subsubsection.7.2.3}{Error Approximation \(Actual Error\)}{subsection.7.2}% 22
\BOOKMARK [3][-]{subsubsection.7.2.4}{Error Bounds}{subsection.7.2}% 23
\BOOKMARK [2][-]{subsection.7.3}{Improper Integrals}{section.7}% 24
\BOOKMARK [3][-]{subsubsection.7.3.1}{Type 1}{subsection.7.3}% 25
\BOOKMARK [3][-]{subsubsection.7.3.2}{Type 2}{subsection.7.3}% 26
\BOOKMARK [3][-]{subsubsection.7.3.3}{Type 3}{subsection.7.3}% 27
\BOOKMARK [2][-]{subsection.7.4}{The Length of the Curve}{section.7}% 28
\BOOKMARK [1][-]{section.8}{Additional Resources}{}% 29
